TN:
SF:index.js
FN:10,(anonymous_0)
FNF:1
FNH:1
FNDA:7,(anonymous_0)
DA:3,7
DA:4,7
DA:5,7
DA:6,7
DA:7,7
DA:8,7
DA:10,7
DA:11,7
DA:23,7
DA:24,7
DA:25,7
DA:27,7
DA:28,7
DA:30,7
DA:32,7
DA:34,7
DA:35,7
DA:37,7
LF:18
LH:18
BRF:0
BRH:0
end_of_record
TN:
SF:lib/db.js
FN:6,setupDatabase
FNF:1
FNH:1
FNDA:7,setupDatabase
DA:3,1
DA:4,1
DA:6,1
DA:7,7
DA:8,1
DA:10,7
LF:6
LH:6
BRDA:7,0,0,1
BRDA:7,0,1,6
BRF:2
BRH:2
end_of_record
TN:
SF:lib/fridge.js
FN:3,setupFridge
FN:4,createOrUpdate
FN:22,findById
FN:26,findByUuid
FN:34,findAll
FNF:5
FNH:5
FNDA:7,setupFridge
FNDA:2,createOrUpdate
FNDA:1,findById
FNDA:1,findByUuid
FNDA:1,findAll
DA:3,1
DA:5,2
DA:11,2
DA:13,2
DA:14,1
DA:15,1
DA:18,1
DA:19,1
DA:23,1
DA:27,1
DA:35,1
DA:38,7
LF:12
LH:12
BRDA:13,0,0,1
BRDA:13,0,1,1
BRDA:15,1,0,1
BRDA:15,1,1,0
BRF:4
BRH:3
end_of_record
TN:
SF:lib/temperature.js
FN:3,setupTemperature
FN:4,findByFridgeUuid
FN:17,create
FNF:3
FNH:1
FNDA:7,setupTemperature
FNDA:0,findByFridgeUuid
FNDA:0,create
DA:3,1
DA:5,0
DA:18,0
DA:22,0
DA:23,0
DA:24,0
DA:25,0
DA:29,7
LF:8
LH:2
BRDA:22,0,0,0
BRDA:22,0,1,0
BRF:2
BRH:0
end_of_record
TN:
SF:models/fridge.js
FN:6,setupFridgeModel
FNF:1
FNH:0
FNDA:0,setupFridgeModel
DA:3,1
DA:4,1
DA:6,1
DA:7,0
DA:9,0
LF:5
LH:3
BRF:0
BRH:0
end_of_record
TN:
SF:models/temperature.js
FN:6,setupTemperatureModel
FNF:1
FNH:0
FNDA:0,setupTemperatureModel
DA:3,1
DA:4,1
DA:6,1
DA:7,0
DA:9,0
LF:5
LH:3
BRF:0
BRH:0
end_of_record
